<?xml version="1.0" encoding="UTF-8"?>
<!-- Generated by org.testng.reporters.JUnitXMLReporter -->
<testsuite hostname="DESKTOP-CB71LAQ" ignored="0" name="Default test" tests="8" failures="0" timestamp="2020-06-24T04:53:32 PDT" time="496.664" errors="0">
  <testcase name="CatSearch" time="23.264" classname="dataDrivenFrameworkDemos.DDFDBTest"/>
  <testcase name="CatSearch" time="29.187" classname="dataDrivenFrameworkDemos.DDFDBTest"/>
  <testcase name="CatSearch" time="39.725" classname="dataDrivenFrameworkDemos.DDFDBTest"/>
  <testcase name="CatSearch" time="50.009" classname="dataDrivenFrameworkDemos.DDFDBTest"/>
  <testcase name="CatSearch" time="66.944" classname="dataDrivenFrameworkDemos.DDFDBTest"/>
  <testcase name="CatSearch" time="95.825" classname="dataDrivenFrameworkDemos.DDFDBTest"/>
  <testcase name="CatSearch" time="77.946" classname="dataDrivenFrameworkDemos.DDFDBTest"/>
  <testcase name="CatSearch" time="86.976" classname="dataDrivenFrameworkDemos.DDFDBTest"/>
</testsuite> <!-- Default test -->
